{
  "stats": {
    "suites": 1,
    "tests": 3,
    "passes": 3,
    "pending": 0,
    "failures": 0,
    "start": "2024-04-17T06:54:06.288Z",
    "end": "2024-04-17T06:56:03.748Z",
    "duration": 117460,
    "testsRegistered": 3,
    "passPercent": 100,
    "pendingPercent": 0,
    "other": 0,
    "hasOther": false,
    "skipped": 0,
    "hasSkipped": false
  },
  "results": [
    {
      "uuid": "f2f9832d-11c1-4b7c-9e33-db831e1ae81c",
      "title": "",
      "fullFile": "C:\\Users\\genca\\OneDrive\\Documentos\\Developers-Proyects\\Oxbabel Selenium Automatization\\test\\realTest.js",
      "file": "\\test\\realTest.js",
      "beforeHooks": [],
      "afterHooks": [],
      "tests": [],
      "suites": [
        {
          "uuid": "3c6d6726-be03-4390-b9f5-31740092166f",
          "title": "test selenium",
          "fullFile": "C:\\Users\\genca\\OneDrive\\Documentos\\Developers-Proyects\\Oxbabel Selenium Automatization\\test\\realTest.js",
          "file": "\\test\\realTest.js",
          "beforeHooks": [],
          "afterHooks": [],
          "tests": [
            {
              "title": "Article selected",
              "fullTitle": "test selenium Article selected",
              "timedOut": false,
              "duration": 48243,
              "state": "passed",
              "speed": "slow",
              "pass": true,
              "fail": false,
              "pending": false,
              "context": null,
              "code": "const result = await ArticleSelected();\nexpect(result).to.be.true;",
              "err": {},
              "uuid": "a3c0242c-6880-4e7a-ab46-c432dadce463",
              "parentUUID": "3c6d6726-be03-4390-b9f5-31740092166f",
              "isHook": false,
              "skipped": false
            },
            {
              "title": "About Admin",
              "fullTitle": "test selenium About Admin",
              "timedOut": false,
              "duration": 33740,
              "state": "passed",
              "speed": "slow",
              "pass": true,
              "fail": false,
              "pending": false,
              "context": null,
              "code": "const result = await AboutAdmin();\nexpect(result).to.be.true;",
              "err": {},
              "uuid": "eb38446d-1574-4686-9279-b5e57ca2c39a",
              "parentUUID": "3c6d6726-be03-4390-b9f5-31740092166f",
              "isHook": false,
              "skipped": false
            },
            {
              "title": "Contact",
              "fullTitle": "test selenium Contact",
              "timedOut": false,
              "duration": 35456,
              "state": "passed",
              "speed": "slow",
              "pass": true,
              "fail": false,
              "pending": false,
              "context": null,
              "code": "const result = await Contact();\nexpect(result).to.be.true;",
              "err": {},
              "uuid": "18c74651-a59c-465b-b820-8365db56c7ff",
              "parentUUID": "3c6d6726-be03-4390-b9f5-31740092166f",
              "isHook": false,
              "skipped": false
            }
          ],
          "suites": [],
          "passes": [
            "a3c0242c-6880-4e7a-ab46-c432dadce463",
            "eb38446d-1574-4686-9279-b5e57ca2c39a",
            "18c74651-a59c-465b-b820-8365db56c7ff"
          ],
          "failures": [],
          "pending": [],
          "skipped": [],
          "duration": 117439,
          "root": false,
          "rootEmpty": false,
          "_timeout": 0
        }
      ],
      "passes": [],
      "failures": [],
      "pending": [],
      "skipped": [],
      "duration": 0,
      "root": true,
      "rootEmpty": true,
      "_timeout": 0
    }
  ],
  "meta": {
    "mocha": {
      "version": "10.4.0"
    },
    "mochawesome": {
      "options": {
        "quiet": false,
        "reportFilename": "mochawesome",
        "saveHtml": true,
        "saveJson": true,
        "consoleReporter": "spec",
        "useInlineDiffs": false,
        "code": true
      },
      "version": "7.1.3"
    },
    "marge": {
      "options": null,
      "version": "6.2.0"
    }
  }
}